<?xml version="1.0" encoding="UTF-8"?>
<!-- Generated by org.testng.reporters.JUnitReportReporter -->
<testsuite hostname="Jahanzabs-MacBook-Pro.local" failures="0" tests="1" name="com.anwaltde.automation.CounterStringCopyTest" time="4.392" errors="0" timestamp="2022-08-22T01:40:13 PKT" skipped="0">
  <testcase classname="com.anwaltde.automation.CounterStringCopyTest" name="generateCounterString" time="4.392"/>
  <system-out/>
</testsuite> <!-- com.anwaltde.automation.CounterStringCopyTest -->
