<?xml version="1.0" encoding="UTF-8"?>
<!-- Generated by org.testng.reporters.JUnitReportReporter -->
<testsuite hostname="Jahanzabs-MacBook-Pro.local" failures="0" tests="1" name="com.anwaltde.automation.GenerateCounterStringTest" time="2.547" errors="0" timestamp="2022-08-24T01:47:14 PKT" skipped="0">
  <testcase classname="com.anwaltde.automation.GenerateCounterStringTest" name="generateCounterString" time="2.547"/>
  <system-out/>
</testsuite> <!-- com.anwaltde.automation.GenerateCounterStringTest -->
